[25-Nov-2024 04:40:01 UTC] PHP Fatal error:  Allowed memory size of 536870912 bytes exhausted (tried to allocate 20480 bytes) in /home/u296941949/domains/ms.wixcellent.com/public_html/wp-includes/meta.php on line 1204
[25-Nov-2024 06:13:58 UTC] PHP Warning:  Attempt to read property "title" on null in /home/u296941949/domains/ms.wixcellent.com/public_html/wp-includes/class-wp-customize-widgets.php on line 923
[25-Nov-2024 08:45:14 UTC] PHP Warning:  Undefined array key "_event_online" in /home/u296941949/domains/ms.wixcellent.com/public_html/wp-content/plugins/wp-event-manager/admin/wp-event-manager-writepanels.php on line 1275
[25-Nov-2024 08:46:36 UTC] PHP Warning:  Undefined array key "_event_online" in /home/u296941949/domains/ms.wixcellent.com/public_html/wp-content/plugins/wp-event-manager/admin/wp-event-manager-writepanels.php on line 1275
[26-Nov-2024 03:53:39 UTC] PHP Warning:  Attempt to read property "title" on null in /home/u296941949/domains/ms.wixcellent.com/public_html/wp-includes/class-wp-customize-widgets.php on line 923
[28-Nov-2024 13:28:38 UTC] PHP Warning:  Undefined array key 0 in /home/u296941949/domains/ms.wixcellent.com/public_html/wp-content/plugins/elementor-pro/modules/dynamic-tags/acf/tags/acf-text.php on line 33
[28-Nov-2024 13:28:38 UTC] PHP Warning:  Undefined array key 1 in /home/u296941949/domains/ms.wixcellent.com/public_html/wp-content/plugins/elementor-pro/modules/dynamic-tags/acf/tags/acf-text.php on line 33
[28-Nov-2024 13:28:38 UTC] PHP Warning:  Undefined array key 0 in /home/u296941949/domains/ms.wixcellent.com/public_html/wp-content/plugins/elementor-pro/modules/dynamic-tags/acf/tags/acf-text.php on line 33
[28-Nov-2024 13:28:38 UTC] PHP Warning:  Undefined array key 1 in /home/u296941949/domains/ms.wixcellent.com/public_html/wp-content/plugins/elementor-pro/modules/dynamic-tags/acf/tags/acf-text.php on line 33
[28-Nov-2024 13:28:38 UTC] PHP Warning:  Undefined array key 0 in /home/u296941949/domains/ms.wixcellent.com/public_html/wp-content/plugins/elementor-pro/modules/dynamic-tags/acf/tags/acf-text.php on line 33
[28-Nov-2024 13:28:38 UTC] PHP Warning:  Undefined array key 1 in /home/u296941949/domains/ms.wixcellent.com/public_html/wp-content/plugins/elementor-pro/modules/dynamic-tags/acf/tags/acf-text.php on line 33
[28-Nov-2024 13:28:38 UTC] PHP Warning:  Undefined array key 0 in /home/u296941949/domains/ms.wixcellent.com/public_html/wp-content/plugins/elementor-pro/modules/dynamic-tags/acf/tags/acf-text.php on line 33
[28-Nov-2024 13:28:38 UTC] PHP Warning:  Undefined array key 1 in /home/u296941949/domains/ms.wixcellent.com/public_html/wp-content/plugins/elementor-pro/modules/dynamic-tags/acf/tags/acf-text.php on line 33
[28-Nov-2024 13:28:38 UTC] PHP Warning:  Undefined array key 0 in /home/u296941949/domains/ms.wixcellent.com/public_html/wp-content/plugins/elementor-pro/modules/dynamic-tags/acf/tags/acf-text.php on line 33
[28-Nov-2024 13:28:38 UTC] PHP Warning:  Undefined array key 1 in /home/u296941949/domains/ms.wixcellent.com/public_html/wp-content/plugins/elementor-pro/modules/dynamic-tags/acf/tags/acf-text.php on line 33
[28-Nov-2024 13:28:38 UTC] PHP Warning:  Undefined array key 0 in /home/u296941949/domains/ms.wixcellent.com/public_html/wp-content/plugins/elementor-pro/modules/dynamic-tags/acf/tags/acf-text.php on line 33
[28-Nov-2024 13:28:38 UTC] PHP Warning:  Undefined array key 1 in /home/u296941949/domains/ms.wixcellent.com/public_html/wp-content/plugins/elementor-pro/modules/dynamic-tags/acf/tags/acf-text.php on line 33
[28-Nov-2024 13:28:38 UTC] PHP Warning:  Undefined array key 0 in /home/u296941949/domains/ms.wixcellent.com/public_html/wp-content/plugins/elementor-pro/modules/dynamic-tags/acf/tags/acf-text.php on line 33
[28-Nov-2024 13:28:38 UTC] PHP Warning:  Undefined array key 1 in /home/u296941949/domains/ms.wixcellent.com/public_html/wp-content/plugins/elementor-pro/modules/dynamic-tags/acf/tags/acf-text.php on line 33
[28-Nov-2024 13:30:53 UTC] PHP Warning:  Undefined array key 0 in /home/u296941949/domains/ms.wixcellent.com/public_html/wp-content/plugins/elementor-pro/modules/dynamic-tags/acf/tags/acf-text.php on line 33
[28-Nov-2024 13:30:53 UTC] PHP Warning:  Undefined array key 1 in /home/u296941949/domains/ms.wixcellent.com/public_html/wp-content/plugins/elementor-pro/modules/dynamic-tags/acf/tags/acf-text.php on line 33
[28-Nov-2024 13:30:53 UTC] PHP Warning:  Undefined array key 0 in /home/u296941949/domains/ms.wixcellent.com/public_html/wp-content/plugins/elementor-pro/modules/dynamic-tags/acf/tags/acf-text.php on line 33
[28-Nov-2024 13:30:53 UTC] PHP Warning:  Undefined array key 1 in /home/u296941949/domains/ms.wixcellent.com/public_html/wp-content/plugins/elementor-pro/modules/dynamic-tags/acf/tags/acf-text.php on line 33
[28-Nov-2024 13:30:53 UTC] PHP Warning:  Undefined array key 0 in /home/u296941949/domains/ms.wixcellent.com/public_html/wp-content/plugins/elementor-pro/modules/dynamic-tags/acf/tags/acf-text.php on line 33
[28-Nov-2024 13:30:53 UTC] PHP Warning:  Undefined array key 1 in /home/u296941949/domains/ms.wixcellent.com/public_html/wp-content/plugins/elementor-pro/modules/dynamic-tags/acf/tags/acf-text.php on line 33
[28-Nov-2024 13:30:53 UTC] PHP Warning:  Undefined array key 0 in /home/u296941949/domains/ms.wixcellent.com/public_html/wp-content/plugins/elementor-pro/modules/dynamic-tags/acf/tags/acf-text.php on line 33
[28-Nov-2024 13:30:53 UTC] PHP Warning:  Undefined array key 1 in /home/u296941949/domains/ms.wixcellent.com/public_html/wp-content/plugins/elementor-pro/modules/dynamic-tags/acf/tags/acf-text.php on line 33
[28-Nov-2024 13:30:53 UTC] PHP Warning:  Undefined array key 0 in /home/u296941949/domains/ms.wixcellent.com/public_html/wp-content/plugins/elementor-pro/modules/dynamic-tags/acf/tags/acf-text.php on line 33
[28-Nov-2024 13:30:53 UTC] PHP Warning:  Undefined array key 1 in /home/u296941949/domains/ms.wixcellent.com/public_html/wp-content/plugins/elementor-pro/modules/dynamic-tags/acf/tags/acf-text.php on line 33
[03-Dec-2024 20:31:31 UTC] PHP Warning:  Undefined array key 0 in /home/u296941949/domains/ms.wixcellent.com/public_html/wp-content/plugins/elementor-pro/modules/dynamic-tags/acf/tags/acf-text.php on line 33
[03-Dec-2024 20:31:31 UTC] PHP Warning:  Undefined array key 1 in /home/u296941949/domains/ms.wixcellent.com/public_html/wp-content/plugins/elementor-pro/modules/dynamic-tags/acf/tags/acf-text.php on line 33
[03-Dec-2024 20:31:31 UTC] PHP Warning:  Undefined array key 0 in /home/u296941949/domains/ms.wixcellent.com/public_html/wp-content/plugins/elementor-pro/modules/dynamic-tags/acf/tags/acf-text.php on line 33
[03-Dec-2024 20:31:31 UTC] PHP Warning:  Undefined array key 1 in /home/u296941949/domains/ms.wixcellent.com/public_html/wp-content/plugins/elementor-pro/modules/dynamic-tags/acf/tags/acf-text.php on line 33
[03-Dec-2024 20:31:31 UTC] PHP Warning:  Undefined array key 0 in /home/u296941949/domains/ms.wixcellent.com/public_html/wp-content/plugins/elementor-pro/modules/dynamic-tags/acf/tags/acf-text.php on line 33
[03-Dec-2024 20:31:31 UTC] PHP Warning:  Undefined array key 1 in /home/u296941949/domains/ms.wixcellent.com/public_html/wp-content/plugins/elementor-pro/modules/dynamic-tags/acf/tags/acf-text.php on line 33
[03-Dec-2024 20:31:31 UTC] PHP Warning:  Undefined array key 0 in /home/u296941949/domains/ms.wixcellent.com/public_html/wp-content/plugins/elementor-pro/modules/dynamic-tags/acf/tags/acf-text.php on line 33
[03-Dec-2024 20:31:31 UTC] PHP Warning:  Undefined array key 1 in /home/u296941949/domains/ms.wixcellent.com/public_html/wp-content/plugins/elementor-pro/modules/dynamic-tags/acf/tags/acf-text.php on line 33
[03-Dec-2024 20:31:31 UTC] PHP Warning:  Undefined array key 0 in /home/u296941949/domains/ms.wixcellent.com/public_html/wp-content/plugins/elementor-pro/modules/dynamic-tags/acf/tags/acf-text.php on line 33
[03-Dec-2024 20:31:31 UTC] PHP Warning:  Undefined array key 1 in /home/u296941949/domains/ms.wixcellent.com/public_html/wp-content/plugins/elementor-pro/modules/dynamic-tags/acf/tags/acf-text.php on line 33
[12-Dec-2024 06:54:24 UTC] PHP Warning:  Undefined array key 0 in /home/u296941949/domains/ms.wixcellent.com/public_html/wp-content/plugins/elementor-pro/modules/dynamic-tags/acf/tags/acf-text.php on line 33
[12-Dec-2024 06:54:24 UTC] PHP Warning:  Undefined array key 1 in /home/u296941949/domains/ms.wixcellent.com/public_html/wp-content/plugins/elementor-pro/modules/dynamic-tags/acf/tags/acf-text.php on line 33
[12-Dec-2024 06:54:24 UTC] PHP Warning:  Undefined array key 0 in /home/u296941949/domains/ms.wixcellent.com/public_html/wp-content/plugins/elementor-pro/modules/dynamic-tags/acf/tags/acf-text.php on line 33
[12-Dec-2024 06:54:24 UTC] PHP Warning:  Undefined array key 1 in /home/u296941949/domains/ms.wixcellent.com/public_html/wp-content/plugins/elementor-pro/modules/dynamic-tags/acf/tags/acf-text.php on line 33
[12-Dec-2024 06:54:24 UTC] PHP Warning:  Undefined array key 0 in /home/u296941949/domains/ms.wixcellent.com/public_html/wp-content/plugins/elementor-pro/modules/dynamic-tags/acf/tags/acf-text.php on line 33
[12-Dec-2024 06:54:24 UTC] PHP Warning:  Undefined array key 1 in /home/u296941949/domains/ms.wixcellent.com/public_html/wp-content/plugins/elementor-pro/modules/dynamic-tags/acf/tags/acf-text.php on line 33
[12-Dec-2024 06:54:24 UTC] PHP Warning:  Undefined array key 0 in /home/u296941949/domains/ms.wixcellent.com/public_html/wp-content/plugins/elementor-pro/modules/dynamic-tags/acf/tags/acf-text.php on line 33
[12-Dec-2024 06:54:24 UTC] PHP Warning:  Undefined array key 1 in /home/u296941949/domains/ms.wixcellent.com/public_html/wp-content/plugins/elementor-pro/modules/dynamic-tags/acf/tags/acf-text.php on line 33
[12-Dec-2024 06:54:24 UTC] PHP Warning:  Undefined array key 0 in /home/u296941949/domains/ms.wixcellent.com/public_html/wp-content/plugins/elementor-pro/modules/dynamic-tags/acf/tags/acf-text.php on line 33
[12-Dec-2024 06:54:24 UTC] PHP Warning:  Undefined array key 1 in /home/u296941949/domains/ms.wixcellent.com/public_html/wp-content/plugins/elementor-pro/modules/dynamic-tags/acf/tags/acf-text.php on line 33
[15-Dec-2024 20:22:48 UTC] PHP Warning:  Undefined array key 0 in /home/u296941949/domains/ms.wixcellent.com/public_html/wp-content/plugins/elementor-pro/modules/dynamic-tags/acf/tags/acf-text.php on line 33
[15-Dec-2024 20:22:48 UTC] PHP Warning:  Undefined array key 1 in /home/u296941949/domains/ms.wixcellent.com/public_html/wp-content/plugins/elementor-pro/modules/dynamic-tags/acf/tags/acf-text.php on line 33
[15-Dec-2024 20:22:48 UTC] PHP Warning:  Undefined array key 0 in /home/u296941949/domains/ms.wixcellent.com/public_html/wp-content/plugins/elementor-pro/modules/dynamic-tags/acf/tags/acf-text.php on line 33
[15-Dec-2024 20:22:48 UTC] PHP Warning:  Undefined array key 1 in /home/u296941949/domains/ms.wixcellent.com/public_html/wp-content/plugins/elementor-pro/modules/dynamic-tags/acf/tags/acf-text.php on line 33
[15-Dec-2024 20:22:48 UTC] PHP Warning:  Undefined array key 0 in /home/u296941949/domains/ms.wixcellent.com/public_html/wp-content/plugins/elementor-pro/modules/dynamic-tags/acf/tags/acf-text.php on line 33
[15-Dec-2024 20:22:48 UTC] PHP Warning:  Undefined array key 1 in /home/u296941949/domains/ms.wixcellent.com/public_html/wp-content/plugins/elementor-pro/modules/dynamic-tags/acf/tags/acf-text.php on line 33
[15-Dec-2024 20:22:48 UTC] PHP Warning:  Undefined array key 0 in /home/u296941949/domains/ms.wixcellent.com/public_html/wp-content/plugins/elementor-pro/modules/dynamic-tags/acf/tags/acf-text.php on line 33
[15-Dec-2024 20:22:48 UTC] PHP Warning:  Undefined array key 1 in /home/u296941949/domains/ms.wixcellent.com/public_html/wp-content/plugins/elementor-pro/modules/dynamic-tags/acf/tags/acf-text.php on line 33
[15-Dec-2024 20:22:49 UTC] PHP Warning:  Undefined array key 0 in /home/u296941949/domains/ms.wixcellent.com/public_html/wp-content/plugins/elementor-pro/modules/dynamic-tags/acf/tags/acf-text.php on line 33
[15-Dec-2024 20:22:49 UTC] PHP Warning:  Undefined array key 1 in /home/u296941949/domains/ms.wixcellent.com/public_html/wp-content/plugins/elementor-pro/modules/dynamic-tags/acf/tags/acf-text.php on line 33
[16-Dec-2024 09:10:51 UTC] PHP Warning:  Undefined array key 0 in /home/u296941949/domains/ms.wixcellent.com/public_html/wp-content/plugins/elementor-pro/modules/dynamic-tags/acf/tags/acf-text.php on line 33
[16-Dec-2024 09:10:51 UTC] PHP Warning:  Undefined array key 1 in /home/u296941949/domains/ms.wixcellent.com/public_html/wp-content/plugins/elementor-pro/modules/dynamic-tags/acf/tags/acf-text.php on line 33
[16-Dec-2024 09:10:51 UTC] PHP Warning:  Undefined array key 0 in /home/u296941949/domains/ms.wixcellent.com/public_html/wp-content/plugins/elementor-pro/modules/dynamic-tags/acf/tags/acf-text.php on line 33
[16-Dec-2024 09:10:51 UTC] PHP Warning:  Undefined array key 1 in /home/u296941949/domains/ms.wixcellent.com/public_html/wp-content/plugins/elementor-pro/modules/dynamic-tags/acf/tags/acf-text.php on line 33
[16-Dec-2024 09:10:51 UTC] PHP Warning:  Undefined array key 0 in /home/u296941949/domains/ms.wixcellent.com/public_html/wp-content/plugins/elementor-pro/modules/dynamic-tags/acf/tags/acf-text.php on line 33
[16-Dec-2024 09:10:51 UTC] PHP Warning:  Undefined array key 1 in /home/u296941949/domains/ms.wixcellent.com/public_html/wp-content/plugins/elementor-pro/modules/dynamic-tags/acf/tags/acf-text.php on line 33
[16-Dec-2024 09:10:51 UTC] PHP Warning:  Undefined array key 0 in /home/u296941949/domains/ms.wixcellent.com/public_html/wp-content/plugins/elementor-pro/modules/dynamic-tags/acf/tags/acf-text.php on line 33
[16-Dec-2024 09:10:51 UTC] PHP Warning:  Undefined array key 1 in /home/u296941949/domains/ms.wixcellent.com/public_html/wp-content/plugins/elementor-pro/modules/dynamic-tags/acf/tags/acf-text.php on line 33
[16-Dec-2024 09:10:51 UTC] PHP Warning:  Undefined array key 0 in /home/u296941949/domains/ms.wixcellent.com/public_html/wp-content/plugins/elementor-pro/modules/dynamic-tags/acf/tags/acf-text.php on line 33
[16-Dec-2024 09:10:51 UTC] PHP Warning:  Undefined array key 1 in /home/u296941949/domains/ms.wixcellent.com/public_html/wp-content/plugins/elementor-pro/modules/dynamic-tags/acf/tags/acf-text.php on line 33
[16-Dec-2024 09:10:51 UTC] PHP Warning:  Undefined array key 0 in /home/u296941949/domains/ms.wixcellent.com/public_html/wp-content/plugins/elementor-pro/modules/dynamic-tags/acf/tags/acf-text.php on line 33
[16-Dec-2024 09:10:51 UTC] PHP Warning:  Undefined array key 1 in /home/u296941949/domains/ms.wixcellent.com/public_html/wp-content/plugins/elementor-pro/modules/dynamic-tags/acf/tags/acf-text.php on line 33
[16-Dec-2024 09:10:51 UTC] PHP Warning:  Undefined array key 0 in /home/u296941949/domains/ms.wixcellent.com/public_html/wp-content/plugins/elementor-pro/modules/dynamic-tags/acf/tags/acf-text.php on line 33
[16-Dec-2024 09:10:51 UTC] PHP Warning:  Undefined array key 1 in /home/u296941949/domains/ms.wixcellent.com/public_html/wp-content/plugins/elementor-pro/modules/dynamic-tags/acf/tags/acf-text.php on line 33
[16-Dec-2024 09:15:55 UTC] PHP Warning:  Undefined array key 0 in /home/u296941949/domains/ms.wixcellent.com/public_html/wp-content/plugins/elementor-pro/modules/dynamic-tags/acf/tags/acf-text.php on line 33
[16-Dec-2024 09:15:55 UTC] PHP Warning:  Undefined array key 1 in /home/u296941949/domains/ms.wixcellent.com/public_html/wp-content/plugins/elementor-pro/modules/dynamic-tags/acf/tags/acf-text.php on line 33
[16-Dec-2024 09:15:55 UTC] PHP Warning:  Undefined array key 0 in /home/u296941949/domains/ms.wixcellent.com/public_html/wp-content/plugins/elementor-pro/modules/dynamic-tags/acf/tags/acf-text.php on line 33
[16-Dec-2024 09:15:55 UTC] PHP Warning:  Undefined array key 1 in /home/u296941949/domains/ms.wixcellent.com/public_html/wp-content/plugins/elementor-pro/modules/dynamic-tags/acf/tags/acf-text.php on line 33
[16-Dec-2024 09:15:55 UTC] PHP Warning:  Undefined array key 0 in /home/u296941949/domains/ms.wixcellent.com/public_html/wp-content/plugins/elementor-pro/modules/dynamic-tags/acf/tags/acf-text.php on line 33
[16-Dec-2024 09:15:55 UTC] PHP Warning:  Undefined array key 1 in /home/u296941949/domains/ms.wixcellent.com/public_html/wp-content/plugins/elementor-pro/modules/dynamic-tags/acf/tags/acf-text.php on line 33
[16-Dec-2024 09:15:55 UTC] PHP Warning:  Undefined array key 0 in /home/u296941949/domains/ms.wixcellent.com/public_html/wp-content/plugins/elementor-pro/modules/dynamic-tags/acf/tags/acf-text.php on line 33
[16-Dec-2024 09:15:55 UTC] PHP Warning:  Undefined array key 1 in /home/u296941949/domains/ms.wixcellent.com/public_html/wp-content/plugins/elementor-pro/modules/dynamic-tags/acf/tags/acf-text.php on line 33
[16-Dec-2024 09:15:55 UTC] PHP Warning:  Undefined array key 0 in /home/u296941949/domains/ms.wixcellent.com/public_html/wp-content/plugins/elementor-pro/modules/dynamic-tags/acf/tags/acf-text.php on line 33
[16-Dec-2024 09:15:55 UTC] PHP Warning:  Undefined array key 1 in /home/u296941949/domains/ms.wixcellent.com/public_html/wp-content/plugins/elementor-pro/modules/dynamic-tags/acf/tags/acf-text.php on line 33
[16-Dec-2024 09:25:13 UTC] PHP Warning:  Undefined array key 0 in /home/u296941949/domains/ms.wixcellent.com/public_html/wp-content/plugins/elementor-pro/modules/dynamic-tags/acf/tags/acf-text.php on line 33
[16-Dec-2024 09:25:13 UTC] PHP Warning:  Undefined array key 1 in /home/u296941949/domains/ms.wixcellent.com/public_html/wp-content/plugins/elementor-pro/modules/dynamic-tags/acf/tags/acf-text.php on line 33
[16-Dec-2024 09:25:13 UTC] PHP Warning:  Undefined array key 0 in /home/u296941949/domains/ms.wixcellent.com/public_html/wp-content/plugins/elementor-pro/modules/dynamic-tags/acf/tags/acf-text.php on line 33
[16-Dec-2024 09:25:13 UTC] PHP Warning:  Undefined array key 1 in /home/u296941949/domains/ms.wixcellent.com/public_html/wp-content/plugins/elementor-pro/modules/dynamic-tags/acf/tags/acf-text.php on line 33
[16-Dec-2024 09:25:13 UTC] PHP Warning:  Undefined array key 0 in /home/u296941949/domains/ms.wixcellent.com/public_html/wp-content/plugins/elementor-pro/modules/dynamic-tags/acf/tags/acf-text.php on line 33
[16-Dec-2024 09:25:13 UTC] PHP Warning:  Undefined array key 1 in /home/u296941949/domains/ms.wixcellent.com/public_html/wp-content/plugins/elementor-pro/modules/dynamic-tags/acf/tags/acf-text.php on line 33
[16-Dec-2024 09:25:13 UTC] PHP Warning:  Undefined array key 0 in /home/u296941949/domains/ms.wixcellent.com/public_html/wp-content/plugins/elementor-pro/modules/dynamic-tags/acf/tags/acf-text.php on line 33
[16-Dec-2024 09:25:13 UTC] PHP Warning:  Undefined array key 1 in /home/u296941949/domains/ms.wixcellent.com/public_html/wp-content/plugins/elementor-pro/modules/dynamic-tags/acf/tags/acf-text.php on line 33
[16-Dec-2024 09:25:13 UTC] PHP Warning:  Undefined array key 0 in /home/u296941949/domains/ms.wixcellent.com/public_html/wp-content/plugins/elementor-pro/modules/dynamic-tags/acf/tags/acf-text.php on line 33
[16-Dec-2024 09:25:13 UTC] PHP Warning:  Undefined array key 1 in /home/u296941949/domains/ms.wixcellent.com/public_html/wp-content/plugins/elementor-pro/modules/dynamic-tags/acf/tags/acf-text.php on line 33
[16-Dec-2024 09:33:49 UTC] PHP Warning:  Undefined array key 0 in /home/u296941949/domains/ms.wixcellent.com/public_html/wp-content/plugins/elementor-pro/modules/dynamic-tags/acf/tags/acf-text.php on line 33
[16-Dec-2024 09:33:49 UTC] PHP Warning:  Undefined array key 1 in /home/u296941949/domains/ms.wixcellent.com/public_html/wp-content/plugins/elementor-pro/modules/dynamic-tags/acf/tags/acf-text.php on line 33
[16-Dec-2024 09:33:49 UTC] PHP Warning:  Undefined array key 0 in /home/u296941949/domains/ms.wixcellent.com/public_html/wp-content/plugins/elementor-pro/modules/dynamic-tags/acf/tags/acf-text.php on line 33
[16-Dec-2024 09:33:49 UTC] PHP Warning:  Undefined array key 1 in /home/u296941949/domains/ms.wixcellent.com/public_html/wp-content/plugins/elementor-pro/modules/dynamic-tags/acf/tags/acf-text.php on line 33
[16-Dec-2024 09:33:49 UTC] PHP Warning:  Undefined array key 0 in /home/u296941949/domains/ms.wixcellent.com/public_html/wp-content/plugins/elementor-pro/modules/dynamic-tags/acf/tags/acf-text.php on line 33
[16-Dec-2024 09:33:49 UTC] PHP Warning:  Undefined array key 1 in /home/u296941949/domains/ms.wixcellent.com/public_html/wp-content/plugins/elementor-pro/modules/dynamic-tags/acf/tags/acf-text.php on line 33
[16-Dec-2024 09:33:49 UTC] PHP Warning:  Undefined array key 0 in /home/u296941949/domains/ms.wixcellent.com/public_html/wp-content/plugins/elementor-pro/modules/dynamic-tags/acf/tags/acf-text.php on line 33
[16-Dec-2024 09:33:49 UTC] PHP Warning:  Undefined array key 1 in /home/u296941949/domains/ms.wixcellent.com/public_html/wp-content/plugins/elementor-pro/modules/dynamic-tags/acf/tags/acf-text.php on line 33
[16-Dec-2024 09:33:49 UTC] PHP Warning:  Undefined array key 0 in /home/u296941949/domains/ms.wixcellent.com/public_html/wp-content/plugins/elementor-pro/modules/dynamic-tags/acf/tags/acf-text.php on line 33
[16-Dec-2024 09:33:49 UTC] PHP Warning:  Undefined array key 1 in /home/u296941949/domains/ms.wixcellent.com/public_html/wp-content/plugins/elementor-pro/modules/dynamic-tags/acf/tags/acf-text.php on line 33
[16-Dec-2024 09:34:25 UTC] PHP Warning:  Undefined array key 0 in /home/u296941949/domains/ms.wixcellent.com/public_html/wp-content/plugins/elementor-pro/modules/dynamic-tags/acf/tags/acf-text.php on line 33
[16-Dec-2024 09:34:25 UTC] PHP Warning:  Undefined array key 1 in /home/u296941949/domains/ms.wixcellent.com/public_html/wp-content/plugins/elementor-pro/modules/dynamic-tags/acf/tags/acf-text.php on line 33
[16-Dec-2024 09:34:25 UTC] PHP Warning:  Undefined array key 0 in /home/u296941949/domains/ms.wixcellent.com/public_html/wp-content/plugins/elementor-pro/modules/dynamic-tags/acf/tags/acf-text.php on line 33
[16-Dec-2024 09:34:25 UTC] PHP Warning:  Undefined array key 1 in /home/u296941949/domains/ms.wixcellent.com/public_html/wp-content/plugins/elementor-pro/modules/dynamic-tags/acf/tags/acf-text.php on line 33
[16-Dec-2024 09:34:25 UTC] PHP Warning:  Undefined array key 0 in /home/u296941949/domains/ms.wixcellent.com/public_html/wp-content/plugins/elementor-pro/modules/dynamic-tags/acf/tags/acf-text.php on line 33
[16-Dec-2024 09:34:25 UTC] PHP Warning:  Undefined array key 1 in /home/u296941949/domains/ms.wixcellent.com/public_html/wp-content/plugins/elementor-pro/modules/dynamic-tags/acf/tags/acf-text.php on line 33
[16-Dec-2024 09:34:25 UTC] PHP Warning:  Undefined array key 0 in /home/u296941949/domains/ms.wixcellent.com/public_html/wp-content/plugins/elementor-pro/modules/dynamic-tags/acf/tags/acf-text.php on line 33
[16-Dec-2024 09:34:25 UTC] PHP Warning:  Undefined array key 1 in /home/u296941949/domains/ms.wixcellent.com/public_html/wp-content/plugins/elementor-pro/modules/dynamic-tags/acf/tags/acf-text.php on line 33
[16-Dec-2024 09:34:25 UTC] PHP Warning:  Undefined array key 0 in /home/u296941949/domains/ms.wixcellent.com/public_html/wp-content/plugins/elementor-pro/modules/dynamic-tags/acf/tags/acf-text.php on line 33
[16-Dec-2024 09:34:25 UTC] PHP Warning:  Undefined array key 1 in /home/u296941949/domains/ms.wixcellent.com/public_html/wp-content/plugins/elementor-pro/modules/dynamic-tags/acf/tags/acf-text.php on line 33
[17-Dec-2024 18:20:10 UTC] PHP Warning:  Undefined array key 0 in /home/u296941949/domains/ms.wixcellent.com/public_html/wp-content/plugins/elementor-pro/modules/dynamic-tags/acf/tags/acf-text.php on line 33
[17-Dec-2024 18:20:10 UTC] PHP Warning:  Undefined array key 1 in /home/u296941949/domains/ms.wixcellent.com/public_html/wp-content/plugins/elementor-pro/modules/dynamic-tags/acf/tags/acf-text.php on line 33
[17-Dec-2024 18:20:10 UTC] PHP Warning:  Undefined array key 0 in /home/u296941949/domains/ms.wixcellent.com/public_html/wp-content/plugins/elementor-pro/modules/dynamic-tags/acf/tags/acf-text.php on line 33
[17-Dec-2024 18:20:10 UTC] PHP Warning:  Undefined array key 1 in /home/u296941949/domains/ms.wixcellent.com/public_html/wp-content/plugins/elementor-pro/modules/dynamic-tags/acf/tags/acf-text.php on line 33
[17-Dec-2024 18:20:10 UTC] PHP Warning:  Undefined array key 0 in /home/u296941949/domains/ms.wixcellent.com/public_html/wp-content/plugins/elementor-pro/modules/dynamic-tags/acf/tags/acf-text.php on line 33
[17-Dec-2024 18:20:10 UTC] PHP Warning:  Undefined array key 1 in /home/u296941949/domains/ms.wixcellent.com/public_html/wp-content/plugins/elementor-pro/modules/dynamic-tags/acf/tags/acf-text.php on line 33
[17-Dec-2024 18:20:10 UTC] PHP Warning:  Undefined array key 0 in /home/u296941949/domains/ms.wixcellent.com/public_html/wp-content/plugins/elementor-pro/modules/dynamic-tags/acf/tags/acf-text.php on line 33
[17-Dec-2024 18:20:10 UTC] PHP Warning:  Undefined array key 1 in /home/u296941949/domains/ms.wixcellent.com/public_html/wp-content/plugins/elementor-pro/modules/dynamic-tags/acf/tags/acf-text.php on line 33
[17-Dec-2024 18:20:10 UTC] PHP Warning:  Undefined array key 0 in /home/u296941949/domains/ms.wixcellent.com/public_html/wp-content/plugins/elementor-pro/modules/dynamic-tags/acf/tags/acf-text.php on line 33
[17-Dec-2024 18:20:10 UTC] PHP Warning:  Undefined array key 1 in /home/u296941949/domains/ms.wixcellent.com/public_html/wp-content/plugins/elementor-pro/modules/dynamic-tags/acf/tags/acf-text.php on line 33
[18-Dec-2024 04:02:05 UTC] PHP Warning:  Undefined array key 0 in /home/u296941949/domains/ms.wixcellent.com/public_html/wp-content/plugins/elementor-pro/modules/dynamic-tags/acf/tags/acf-text.php on line 33
[18-Dec-2024 04:02:05 UTC] PHP Warning:  Undefined array key 1 in /home/u296941949/domains/ms.wixcellent.com/public_html/wp-content/plugins/elementor-pro/modules/dynamic-tags/acf/tags/acf-text.php on line 33
[18-Dec-2024 04:02:06 UTC] PHP Warning:  Undefined array key 0 in /home/u296941949/domains/ms.wixcellent.com/public_html/wp-content/plugins/elementor-pro/modules/dynamic-tags/acf/tags/acf-text.php on line 33
[18-Dec-2024 04:02:06 UTC] PHP Warning:  Undefined array key 1 in /home/u296941949/domains/ms.wixcellent.com/public_html/wp-content/plugins/elementor-pro/modules/dynamic-tags/acf/tags/acf-text.php on line 33
[18-Dec-2024 04:02:06 UTC] PHP Warning:  Undefined array key 0 in /home/u296941949/domains/ms.wixcellent.com/public_html/wp-content/plugins/elementor-pro/modules/dynamic-tags/acf/tags/acf-text.php on line 33
[18-Dec-2024 04:02:06 UTC] PHP Warning:  Undefined array key 1 in /home/u296941949/domains/ms.wixcellent.com/public_html/wp-content/plugins/elementor-pro/modules/dynamic-tags/acf/tags/acf-text.php on line 33
[18-Dec-2024 04:02:06 UTC] PHP Warning:  Undefined array key 0 in /home/u296941949/domains/ms.wixcellent.com/public_html/wp-content/plugins/elementor-pro/modules/dynamic-tags/acf/tags/acf-text.php on line 33
[18-Dec-2024 04:02:06 UTC] PHP Warning:  Undefined array key 1 in /home/u296941949/domains/ms.wixcellent.com/public_html/wp-content/plugins/elementor-pro/modules/dynamic-tags/acf/tags/acf-text.php on line 33
[18-Dec-2024 04:02:06 UTC] PHP Warning:  Undefined array key 0 in /home/u296941949/domains/ms.wixcellent.com/public_html/wp-content/plugins/elementor-pro/modules/dynamic-tags/acf/tags/acf-text.php on line 33
[18-Dec-2024 04:02:06 UTC] PHP Warning:  Undefined array key 1 in /home/u296941949/domains/ms.wixcellent.com/public_html/wp-content/plugins/elementor-pro/modules/dynamic-tags/acf/tags/acf-text.php on line 33
[19-Dec-2024 03:27:44 UTC] PHP Warning:  Undefined array key 0 in /home/u296941949/domains/ms.wixcellent.com/public_html/wp-content/plugins/elementor-pro/modules/dynamic-tags/acf/tags/acf-text.php on line 33
[19-Dec-2024 03:27:44 UTC] PHP Warning:  Undefined array key 1 in /home/u296941949/domains/ms.wixcellent.com/public_html/wp-content/plugins/elementor-pro/modules/dynamic-tags/acf/tags/acf-text.php on line 33
[19-Dec-2024 03:27:44 UTC] PHP Warning:  Undefined array key 0 in /home/u296941949/domains/ms.wixcellent.com/public_html/wp-content/plugins/elementor-pro/modules/dynamic-tags/acf/tags/acf-text.php on line 33
[19-Dec-2024 03:27:44 UTC] PHP Warning:  Undefined array key 1 in /home/u296941949/domains/ms.wixcellent.com/public_html/wp-content/plugins/elementor-pro/modules/dynamic-tags/acf/tags/acf-text.php on line 33
[19-Dec-2024 03:27:44 UTC] PHP Warning:  Undefined array key 0 in /home/u296941949/domains/ms.wixcellent.com/public_html/wp-content/plugins/elementor-pro/modules/dynamic-tags/acf/tags/acf-text.php on line 33
[19-Dec-2024 03:27:44 UTC] PHP Warning:  Undefined array key 1 in /home/u296941949/domains/ms.wixcellent.com/public_html/wp-content/plugins/elementor-pro/modules/dynamic-tags/acf/tags/acf-text.php on line 33
[19-Dec-2024 03:27:44 UTC] PHP Warning:  Undefined array key 0 in /home/u296941949/domains/ms.wixcellent.com/public_html/wp-content/plugins/elementor-pro/modules/dynamic-tags/acf/tags/acf-text.php on line 33
[19-Dec-2024 03:27:44 UTC] PHP Warning:  Undefined array key 1 in /home/u296941949/domains/ms.wixcellent.com/public_html/wp-content/plugins/elementor-pro/modules/dynamic-tags/acf/tags/acf-text.php on line 33
[19-Dec-2024 03:27:44 UTC] PHP Warning:  Undefined array key 0 in /home/u296941949/domains/ms.wixcellent.com/public_html/wp-content/plugins/elementor-pro/modules/dynamic-tags/acf/tags/acf-text.php on line 33
[19-Dec-2024 03:27:44 UTC] PHP Warning:  Undefined array key 1 in /home/u296941949/domains/ms.wixcellent.com/public_html/wp-content/plugins/elementor-pro/modules/dynamic-tags/acf/tags/acf-text.php on line 33
[22-Dec-2024 14:17:27 UTC] PHP Warning:  Undefined array key 0 in /home/u296941949/domains/ms.wixcellent.com/public_html/wp-content/plugins/elementor-pro/modules/dynamic-tags/acf/tags/acf-text.php on line 33
[22-Dec-2024 14:17:27 UTC] PHP Warning:  Undefined array key 1 in /home/u296941949/domains/ms.wixcellent.com/public_html/wp-content/plugins/elementor-pro/modules/dynamic-tags/acf/tags/acf-text.php on line 33
[22-Dec-2024 14:17:27 UTC] PHP Warning:  Undefined array key 0 in /home/u296941949/domains/ms.wixcellent.com/public_html/wp-content/plugins/elementor-pro/modules/dynamic-tags/acf/tags/acf-text.php on line 33
[22-Dec-2024 14:17:27 UTC] PHP Warning:  Undefined array key 1 in /home/u296941949/domains/ms.wixcellent.com/public_html/wp-content/plugins/elementor-pro/modules/dynamic-tags/acf/tags/acf-text.php on line 33
[22-Dec-2024 14:17:27 UTC] PHP Warning:  Undefined array key 0 in /home/u296941949/domains/ms.wixcellent.com/public_html/wp-content/plugins/elementor-pro/modules/dynamic-tags/acf/tags/acf-text.php on line 33
[22-Dec-2024 14:17:27 UTC] PHP Warning:  Undefined array key 1 in /home/u296941949/domains/ms.wixcellent.com/public_html/wp-content/plugins/elementor-pro/modules/dynamic-tags/acf/tags/acf-text.php on line 33
[22-Dec-2024 14:17:27 UTC] PHP Warning:  Undefined array key 0 in /home/u296941949/domains/ms.wixcellent.com/public_html/wp-content/plugins/elementor-pro/modules/dynamic-tags/acf/tags/acf-text.php on line 33
[22-Dec-2024 14:17:27 UTC] PHP Warning:  Undefined array key 1 in /home/u296941949/domains/ms.wixcellent.com/public_html/wp-content/plugins/elementor-pro/modules/dynamic-tags/acf/tags/acf-text.php on line 33
[22-Dec-2024 14:17:27 UTC] PHP Warning:  Undefined array key 0 in /home/u296941949/domains/ms.wixcellent.com/public_html/wp-content/plugins/elementor-pro/modules/dynamic-tags/acf/tags/acf-text.php on line 33
[22-Dec-2024 14:17:27 UTC] PHP Warning:  Undefined array key 1 in /home/u296941949/domains/ms.wixcellent.com/public_html/wp-content/plugins/elementor-pro/modules/dynamic-tags/acf/tags/acf-text.php on line 33
[28-Dec-2024 07:54:48 UTC] PHP Warning:  Undefined array key 0 in /home/u296941949/domains/ms.wixcellent.com/public_html/wp-content/plugins/elementor-pro/modules/dynamic-tags/acf/tags/acf-text.php on line 33
[28-Dec-2024 07:54:48 UTC] PHP Warning:  Undefined array key 1 in /home/u296941949/domains/ms.wixcellent.com/public_html/wp-content/plugins/elementor-pro/modules/dynamic-tags/acf/tags/acf-text.php on line 33
[28-Dec-2024 07:54:48 UTC] PHP Warning:  Undefined array key 0 in /home/u296941949/domains/ms.wixcellent.com/public_html/wp-content/plugins/elementor-pro/modules/dynamic-tags/acf/tags/acf-text.php on line 33
[28-Dec-2024 07:54:48 UTC] PHP Warning:  Undefined array key 1 in /home/u296941949/domains/ms.wixcellent.com/public_html/wp-content/plugins/elementor-pro/modules/dynamic-tags/acf/tags/acf-text.php on line 33
[28-Dec-2024 07:54:48 UTC] PHP Warning:  Undefined array key 0 in /home/u296941949/domains/ms.wixcellent.com/public_html/wp-content/plugins/elementor-pro/modules/dynamic-tags/acf/tags/acf-text.php on line 33
[28-Dec-2024 07:54:48 UTC] PHP Warning:  Undefined array key 1 in /home/u296941949/domains/ms.wixcellent.com/public_html/wp-content/plugins/elementor-pro/modules/dynamic-tags/acf/tags/acf-text.php on line 33
[28-Dec-2024 07:54:48 UTC] PHP Warning:  Undefined array key 0 in /home/u296941949/domains/ms.wixcellent.com/public_html/wp-content/plugins/elementor-pro/modules/dynamic-tags/acf/tags/acf-text.php on line 33
[28-Dec-2024 07:54:48 UTC] PHP Warning:  Undefined array key 1 in /home/u296941949/domains/ms.wixcellent.com/public_html/wp-content/plugins/elementor-pro/modules/dynamic-tags/acf/tags/acf-text.php on line 33
[28-Dec-2024 07:54:48 UTC] PHP Warning:  Undefined array key 0 in /home/u296941949/domains/ms.wixcellent.com/public_html/wp-content/plugins/elementor-pro/modules/dynamic-tags/acf/tags/acf-text.php on line 33
[28-Dec-2024 07:54:48 UTC] PHP Warning:  Undefined array key 1 in /home/u296941949/domains/ms.wixcellent.com/public_html/wp-content/plugins/elementor-pro/modules/dynamic-tags/acf/tags/acf-text.php on line 33
[01-Jan-2025 04:59:49 UTC] PHP Warning:  Undefined array key 0 in /home/u296941949/domains/ms.wixcellent.com/public_html/wp-content/plugins/elementor-pro/modules/dynamic-tags/acf/tags/acf-text.php on line 33
[01-Jan-2025 04:59:49 UTC] PHP Warning:  Undefined array key 1 in /home/u296941949/domains/ms.wixcellent.com/public_html/wp-content/plugins/elementor-pro/modules/dynamic-tags/acf/tags/acf-text.php on line 33
[01-Jan-2025 04:59:49 UTC] PHP Warning:  Undefined array key 0 in /home/u296941949/domains/ms.wixcellent.com/public_html/wp-content/plugins/elementor-pro/modules/dynamic-tags/acf/tags/acf-text.php on line 33
[01-Jan-2025 04:59:49 UTC] PHP Warning:  Undefined array key 1 in /home/u296941949/domains/ms.wixcellent.com/public_html/wp-content/plugins/elementor-pro/modules/dynamic-tags/acf/tags/acf-text.php on line 33
[01-Jan-2025 04:59:49 UTC] PHP Warning:  Undefined array key 0 in /home/u296941949/domains/ms.wixcellent.com/public_html/wp-content/plugins/elementor-pro/modules/dynamic-tags/acf/tags/acf-text.php on line 33
[01-Jan-2025 04:59:49 UTC] PHP Warning:  Undefined array key 1 in /home/u296941949/domains/ms.wixcellent.com/public_html/wp-content/plugins/elementor-pro/modules/dynamic-tags/acf/tags/acf-text.php on line 33
[01-Jan-2025 04:59:49 UTC] PHP Warning:  Undefined array key 0 in /home/u296941949/domains/ms.wixcellent.com/public_html/wp-content/plugins/elementor-pro/modules/dynamic-tags/acf/tags/acf-text.php on line 33
[01-Jan-2025 04:59:49 UTC] PHP Warning:  Undefined array key 1 in /home/u296941949/domains/ms.wixcellent.com/public_html/wp-content/plugins/elementor-pro/modules/dynamic-tags/acf/tags/acf-text.php on line 33
[01-Jan-2025 04:59:49 UTC] PHP Warning:  Undefined array key 0 in /home/u296941949/domains/ms.wixcellent.com/public_html/wp-content/plugins/elementor-pro/modules/dynamic-tags/acf/tags/acf-text.php on line 33
[01-Jan-2025 04:59:49 UTC] PHP Warning:  Undefined array key 1 in /home/u296941949/domains/ms.wixcellent.com/public_html/wp-content/plugins/elementor-pro/modules/dynamic-tags/acf/tags/acf-text.php on line 33
[01-Jan-2025 04:59:49 UTC] PHP Warning:  Undefined array key 0 in /home/u296941949/domains/ms.wixcellent.com/public_html/wp-content/plugins/elementor-pro/modules/dynamic-tags/acf/tags/acf-text.php on line 33
[01-Jan-2025 04:59:49 UTC] PHP Warning:  Undefined array key 1 in /home/u296941949/domains/ms.wixcellent.com/public_html/wp-content/plugins/elementor-pro/modules/dynamic-tags/acf/tags/acf-text.php on line 33
[01-Jan-2025 04:59:49 UTC] PHP Warning:  Undefined array key 0 in /home/u296941949/domains/ms.wixcellent.com/public_html/wp-content/plugins/elementor-pro/modules/dynamic-tags/acf/tags/acf-text.php on line 33
[01-Jan-2025 04:59:49 UTC] PHP Warning:  Undefined array key 1 in /home/u296941949/domains/ms.wixcellent.com/public_html/wp-content/plugins/elementor-pro/modules/dynamic-tags/acf/tags/acf-text.php on line 33
[01-Jan-2025 04:59:49 UTC] PHP Warning:  Undefined array key 0 in /home/u296941949/domains/ms.wixcellent.com/public_html/wp-content/plugins/elementor-pro/modules/dynamic-tags/acf/tags/acf-text.php on line 33
[01-Jan-2025 04:59:49 UTC] PHP Warning:  Undefined array key 1 in /home/u296941949/domains/ms.wixcellent.com/public_html/wp-content/plugins/elementor-pro/modules/dynamic-tags/acf/tags/acf-text.php on line 33
[01-Jan-2025 04:59:49 UTC] PHP Warning:  Undefined array key 0 in /home/u296941949/domains/ms.wixcellent.com/public_html/wp-content/plugins/elementor-pro/modules/dynamic-tags/acf/tags/acf-text.php on line 33
[01-Jan-2025 04:59:49 UTC] PHP Warning:  Undefined array key 1 in /home/u296941949/domains/ms.wixcellent.com/public_html/wp-content/plugins/elementor-pro/modules/dynamic-tags/acf/tags/acf-text.php on line 33
[01-Jan-2025 04:59:49 UTC] PHP Warning:  Undefined array key 0 in /home/u296941949/domains/ms.wixcellent.com/public_html/wp-content/plugins/elementor-pro/modules/dynamic-tags/acf/tags/acf-text.php on line 33
[01-Jan-2025 04:59:49 UTC] PHP Warning:  Undefined array key 1 in /home/u296941949/domains/ms.wixcellent.com/public_html/wp-content/plugins/elementor-pro/modules/dynamic-tags/acf/tags/acf-text.php on line 33
[04-Jan-2025 16:14:56 UTC] PHP Warning:  Undefined array key 0 in /home/u296941949/domains/ms.wixcellent.com/public_html/wp-content/plugins/elementor-pro/modules/dynamic-tags/acf/tags/acf-text.php on line 33
[04-Jan-2025 16:14:56 UTC] PHP Warning:  Undefined array key 1 in /home/u296941949/domains/ms.wixcellent.com/public_html/wp-content/plugins/elementor-pro/modules/dynamic-tags/acf/tags/acf-text.php on line 33
[04-Jan-2025 16:14:56 UTC] PHP Warning:  Undefined array key 0 in /home/u296941949/domains/ms.wixcellent.com/public_html/wp-content/plugins/elementor-pro/modules/dynamic-tags/acf/tags/acf-text.php on line 33
[04-Jan-2025 16:14:56 UTC] PHP Warning:  Undefined array key 1 in /home/u296941949/domains/ms.wixcellent.com/public_html/wp-content/plugins/elementor-pro/modules/dynamic-tags/acf/tags/acf-text.php on line 33
[04-Jan-2025 16:14:56 UTC] PHP Warning:  Undefined array key 0 in /home/u296941949/domains/ms.wixcellent.com/public_html/wp-content/plugins/elementor-pro/modules/dynamic-tags/acf/tags/acf-text.php on line 33
[04-Jan-2025 16:14:56 UTC] PHP Warning:  Undefined array key 1 in /home/u296941949/domains/ms.wixcellent.com/public_html/wp-content/plugins/elementor-pro/modules/dynamic-tags/acf/tags/acf-text.php on line 33
[04-Jan-2025 16:14:56 UTC] PHP Warning:  Undefined array key 0 in /home/u296941949/domains/ms.wixcellent.com/public_html/wp-content/plugins/elementor-pro/modules/dynamic-tags/acf/tags/acf-text.php on line 33
[04-Jan-2025 16:14:56 UTC] PHP Warning:  Undefined array key 1 in /home/u296941949/domains/ms.wixcellent.com/public_html/wp-content/plugins/elementor-pro/modules/dynamic-tags/acf/tags/acf-text.php on line 33
[04-Jan-2025 16:14:56 UTC] PHP Warning:  Undefined array key 0 in /home/u296941949/domains/ms.wixcellent.com/public_html/wp-content/plugins/elementor-pro/modules/dynamic-tags/acf/tags/acf-text.php on line 33
[04-Jan-2025 16:14:56 UTC] PHP Warning:  Undefined array key 1 in /home/u296941949/domains/ms.wixcellent.com/public_html/wp-content/plugins/elementor-pro/modules/dynamic-tags/acf/tags/acf-text.php on line 33
[04-Jan-2025 16:14:56 UTC] PHP Warning:  Undefined array key 0 in /home/u296941949/domains/ms.wixcellent.com/public_html/wp-content/plugins/elementor-pro/modules/dynamic-tags/acf/tags/acf-text.php on line 33
[04-Jan-2025 16:14:56 UTC] PHP Warning:  Undefined array key 1 in /home/u296941949/domains/ms.wixcellent.com/public_html/wp-content/plugins/elementor-pro/modules/dynamic-tags/acf/tags/acf-text.php on line 33
[04-Jan-2025 16:14:56 UTC] PHP Warning:  Undefined array key 0 in /home/u296941949/domains/ms.wixcellent.com/public_html/wp-content/plugins/elementor-pro/modules/dynamic-tags/acf/tags/acf-text.php on line 33
[04-Jan-2025 16:14:56 UTC] PHP Warning:  Undefined array key 1 in /home/u296941949/domains/ms.wixcellent.com/public_html/wp-content/plugins/elementor-pro/modules/dynamic-tags/acf/tags/acf-text.php on line 33
[04-Jan-2025 23:55:36 UTC] PHP Warning:  Undefined array key "search_location" in /home/u296941949/domains/ms.wixcellent.com/public_html/wp-content/plugins/wp-event-manager/includes/wp-event-manager-ajax.php on line 111
[04-Jan-2025 23:55:36 UTC] PHP Warning:  Undefined array key "search_keywords" in /home/u296941949/domains/ms.wixcellent.com/public_html/wp-content/plugins/wp-event-manager/includes/wp-event-manager-ajax.php on line 112
[04-Jan-2025 23:55:36 UTC] PHP Warning:  Undefined array key "orderby" in /home/u296941949/domains/ms.wixcellent.com/public_html/wp-content/plugins/wp-event-manager/includes/wp-event-manager-ajax.php on line 114
[04-Jan-2025 23:55:36 UTC] PHP Warning:  Undefined array key "order" in /home/u296941949/domains/ms.wixcellent.com/public_html/wp-content/plugins/wp-event-manager/includes/wp-event-manager-ajax.php on line 143
[04-Jan-2025 23:55:36 UTC] PHP Warning:  Undefined array key "page" in /home/u296941949/domains/ms.wixcellent.com/public_html/wp-content/plugins/wp-event-manager/includes/wp-event-manager-ajax.php on line 144
[04-Jan-2025 23:55:36 UTC] PHP Warning:  Undefined array key "per_page" in /home/u296941949/domains/ms.wixcellent.com/public_html/wp-content/plugins/wp-event-manager/includes/wp-event-manager-ajax.php on line 144
[04-Jan-2025 23:55:36 UTC] PHP Warning:  Undefined array key "per_page" in /home/u296941949/domains/ms.wixcellent.com/public_html/wp-content/plugins/wp-event-manager/includes/wp-event-manager-ajax.php on line 145
[04-Jan-2025 23:55:36 UTC] PHP Warning:  Undefined array key "lang" in /home/u296941949/domains/ms.wixcellent.com/public_html/wp-content/plugins/wp-event-manager/includes/wp-event-manager-ajax.php on line 146
[07-Jan-2025 05:44:57 UTC] PHP Warning:  Undefined array key "_event_online" in /home/u296941949/domains/ms.wixcellent.com/public_html/wp-content/plugins/wp-event-manager/admin/wp-event-manager-writepanels.php on line 1275
[07-Jan-2025 19:14:04 UTC] PHP Warning:  Undefined array key "search_location" in /home/u296941949/domains/ms.wixcellent.com/public_html/wp-content/plugins/wp-event-manager/includes/wp-event-manager-ajax.php on line 111
[07-Jan-2025 19:14:04 UTC] PHP Warning:  Undefined array key "search_keywords" in /home/u296941949/domains/ms.wixcellent.com/public_html/wp-content/plugins/wp-event-manager/includes/wp-event-manager-ajax.php on line 112
[07-Jan-2025 19:14:04 UTC] PHP Warning:  Undefined array key "orderby" in /home/u296941949/domains/ms.wixcellent.com/public_html/wp-content/plugins/wp-event-manager/includes/wp-event-manager-ajax.php on line 114
[07-Jan-2025 19:14:04 UTC] PHP Warning:  Undefined array key "order" in /home/u296941949/domains/ms.wixcellent.com/public_html/wp-content/plugins/wp-event-manager/includes/wp-event-manager-ajax.php on line 143
[07-Jan-2025 19:14:04 UTC] PHP Warning:  Undefined array key "page" in /home/u296941949/domains/ms.wixcellent.com/public_html/wp-content/plugins/wp-event-manager/includes/wp-event-manager-ajax.php on line 144
[07-Jan-2025 19:14:04 UTC] PHP Warning:  Undefined array key "per_page" in /home/u296941949/domains/ms.wixcellent.com/public_html/wp-content/plugins/wp-event-manager/includes/wp-event-manager-ajax.php on line 144
[07-Jan-2025 19:14:04 UTC] PHP Warning:  Undefined array key "per_page" in /home/u296941949/domains/ms.wixcellent.com/public_html/wp-content/plugins/wp-event-manager/includes/wp-event-manager-ajax.php on line 145
[07-Jan-2025 19:14:04 UTC] PHP Warning:  Undefined array key "lang" in /home/u296941949/domains/ms.wixcellent.com/public_html/wp-content/plugins/wp-event-manager/includes/wp-event-manager-ajax.php on line 146
[08-Jan-2025 09:03:17 UTC] PHP Warning:  Attempt to read property "title" on null in /home/u296941949/domains/ms.wixcellent.com/public_html/wp-includes/class-wp-customize-widgets.php on line 923
[09-Jan-2025 06:32:16 UTC] PHP Warning:  Attempt to read property "title" on null in /home/u296941949/domains/ms.wixcellent.com/public_html/wp-includes/class-wp-customize-widgets.php on line 923
[09-Jan-2025 09:42:16 UTC] PHP Warning:  Attempt to read property "title" on null in /home/u296941949/domains/ms.wixcellent.com/public_html/wp-includes/class-wp-customize-widgets.php on line 923
[09-Jan-2025 09:55:00 UTC] PHP Warning:  Attempt to read property "title" on null in /home/u296941949/domains/ms.wixcellent.com/public_html/wp-includes/class-wp-customize-widgets.php on line 923
[09-Jan-2025 13:56:36 UTC] PHP Fatal error:  Allowed memory size of 268435456 bytes exhausted (tried to allocate 151552 bytes) in /home/u296941949/domains/ms.wixcellent.com/public_html/wp-includes/class-wpdb.php on line 2316
[09-Jan-2025 14:04:51 UTC] PHP Fatal error:  Allowed memory size of 268435456 bytes exhausted (tried to allocate 159744 bytes) in /home/u296941949/domains/ms.wixcellent.com/public_html/wp-includes/class-wpdb.php on line 2316
[09-Jan-2025 14:12:11 UTC] PHP Fatal error:  Allowed memory size of 268435456 bytes exhausted (tried to allocate 159744 bytes) in /home/u296941949/domains/ms.wixcellent.com/public_html/wp-includes/class-wpdb.php on line 2316
[09-Jan-2025 14:19:27 UTC] PHP Fatal error:  Allowed memory size of 268435456 bytes exhausted (tried to allocate 159744 bytes) in /home/u296941949/domains/ms.wixcellent.com/public_html/wp-includes/class-wpdb.php on line 2316
[09-Jan-2025 14:24:39 UTC] PHP Fatal error:  Allowed memory size of 268435456 bytes exhausted (tried to allocate 159744 bytes) in /home/u296941949/domains/ms.wixcellent.com/public_html/wp-includes/class-wpdb.php on line 2316
[09-Jan-2025 14:31:55 UTC] PHP Fatal error:  Allowed memory size of 268435456 bytes exhausted (tried to allocate 159744 bytes) in /home/u296941949/domains/ms.wixcellent.com/public_html/wp-includes/class-wpdb.php on line 2316
[09-Jan-2025 14:39:09 UTC] PHP Fatal error:  Allowed memory size of 268435456 bytes exhausted (tried to allocate 159744 bytes) in /home/u296941949/domains/ms.wixcellent.com/public_html/wp-includes/class-wpdb.php on line 2316
[09-Jan-2025 17:34:06 UTC] PHP Fatal error:  Allowed memory size of 268435456 bytes exhausted (tried to allocate 151552 bytes) in /home/u296941949/domains/ms.wixcellent.com/public_html/wp-includes/class-wpdb.php on line 2316
[09-Jan-2025 17:42:21 UTC] PHP Fatal error:  Allowed memory size of 268435456 bytes exhausted (tried to allocate 159744 bytes) in /home/u296941949/domains/ms.wixcellent.com/public_html/wp-includes/class-wpdb.php on line 2316
[09-Jan-2025 18:02:09 UTC] PHP Fatal error:  Allowed memory size of 268435456 bytes exhausted (tried to allocate 159744 bytes) in /home/u296941949/domains/ms.wixcellent.com/public_html/wp-includes/class-wpdb.php on line 2316
[09-Jan-2025 18:10:23 UTC] PHP Fatal error:  Allowed memory size of 268435456 bytes exhausted (tried to allocate 151552 bytes) in /home/u296941949/domains/ms.wixcellent.com/public_html/wp-includes/class-wpdb.php on line 2316
[09-Jan-2025 18:17:37 UTC] PHP Fatal error:  Allowed memory size of 268435456 bytes exhausted (tried to allocate 151552 bytes) in /home/u296941949/domains/ms.wixcellent.com/public_html/wp-includes/class-wpdb.php on line 2316
[09-Jan-2025 18:26:49 UTC] PHP Fatal error:  Allowed memory size of 268435456 bytes exhausted (tried to allocate 159744 bytes) in /home/u296941949/domains/ms.wixcellent.com/public_html/wp-includes/class-wpdb.php on line 2316
[09-Jan-2025 18:34:07 UTC] PHP Fatal error:  Allowed memory size of 268435456 bytes exhausted (tried to allocate 159744 bytes) in /home/u296941949/domains/ms.wixcellent.com/public_html/wp-includes/class-wpdb.php on line 2316
[09-Jan-2025 18:39:20 UTC] PHP Fatal error:  Allowed memory size of 268435456 bytes exhausted (tried to allocate 159744 bytes) in /home/u296941949/domains/ms.wixcellent.com/public_html/wp-includes/class-wpdb.php on line 2316
[09-Jan-2025 18:48:32 UTC] PHP Fatal error:  Allowed memory size of 268435456 bytes exhausted (tried to allocate 159744 bytes) in /home/u296941949/domains/ms.wixcellent.com/public_html/wp-includes/class-wpdb.php on line 2316
[10-Jan-2025 04:29:02 UTC] PHP Warning:  Undefined array key "options" in /home/u296941949/domains/ms.wixcellent.com/public_html/wp-content/plugins/wpvivid-backuprestore/includes/new_backup/class-wpvivid-backup-task_2.php on line 596
[10-Jan-2025 04:29:02 UTC] PHP Warning:  Trying to access array offset on value of type null in /home/u296941949/domains/ms.wixcellent.com/public_html/wp-content/plugins/wpvivid-backuprestore/includes/new_backup/class-wpvivid-backup-task_2.php on line 596
[10-Jan-2025 04:29:02 UTC] PHP Warning:  Undefined array key "options" in /home/u296941949/domains/ms.wixcellent.com/public_html/wp-content/plugins/wpvivid-backuprestore/includes/new_backup/class-wpvivid-backup2.php on line 397
[10-Jan-2025 04:29:02 UTC] PHP Warning:  Trying to access array offset on value of type null in /home/u296941949/domains/ms.wixcellent.com/public_html/wp-content/plugins/wpvivid-backuprestore/includes/new_backup/class-wpvivid-backup2.php on line 397
[10-Jan-2025 04:29:02 UTC] PHP Warning:  Undefined array key "jobs" in /home/u296941949/domains/ms.wixcellent.com/public_html/wp-content/plugins/wpvivid-backuprestore/includes/new_backup/class-wpvivid-backup-task_2.php on line 437
[10-Jan-2025 04:29:02 UTC] PHP Warning:  foreach() argument must be of type array|object, null given in /home/u296941949/domains/ms.wixcellent.com/public_html/wp-content/plugins/wpvivid-backuprestore/includes/new_backup/class-wpvivid-backup-task_2.php on line 437
[10-Jan-2025 04:29:02 UTC] PHP Warning:  Undefined array key "options" in /home/u296941949/domains/ms.wixcellent.com/public_html/wp-content/plugins/wpvivid-backuprestore/includes/new_backup/class-wpvivid-backup-task_2.php on line 2491
[10-Jan-2025 04:29:02 UTC] PHP Warning:  Trying to access array offset on value of type null in /home/u296941949/domains/ms.wixcellent.com/public_html/wp-content/plugins/wpvivid-backuprestore/includes/new_backup/class-wpvivid-backup-task_2.php on line 2491
[10-Jan-2025 04:29:02 UTC] PHP Warning:  Undefined array key "jobs" in /home/u296941949/domains/ms.wixcellent.com/public_html/wp-content/plugins/wpvivid-backuprestore/includes/new_backup/class-wpvivid-backup-task_2.php on line 2533
[10-Jan-2025 04:29:02 UTC] PHP Warning:  foreach() argument must be of type array|object, null given in /home/u296941949/domains/ms.wixcellent.com/public_html/wp-content/plugins/wpvivid-backuprestore/includes/new_backup/class-wpvivid-backup-task_2.php on line 2533
[10-Jan-2025 04:29:02 UTC] PHP Warning:  Undefined array key "options" in /home/u296941949/domains/ms.wixcellent.com/public_html/wp-content/plugins/wpvivid-backuprestore/includes/new_backup/class-wpvivid-backup-task_2.php on line 2526
[10-Jan-2025 04:29:02 UTC] PHP Warning:  Trying to access array offset on value of type null in /home/u296941949/domains/ms.wixcellent.com/public_html/wp-content/plugins/wpvivid-backuprestore/includes/new_backup/class-wpvivid-backup-task_2.php on line 2526
[10-Jan-2025 04:29:02 UTC] PHP Fatal error:  Uncaught TypeError: array_shift(): Argument #1 ($array) must be of type array, null given in /home/u296941949/domains/ms.wixcellent.com/public_html/wp-content/plugins/wpvivid-backuprestore/includes/new_backup/class-wpvivid-backup2.php:590
Stack trace:
#0 /home/u296941949/domains/ms.wixcellent.com/public_html/wp-content/plugins/wpvivid-backuprestore/includes/new_backup/class-wpvivid-backup2.php(590): array_shift()
#1 /home/u296941949/domains/ms.wixcellent.com/public_html/wp-content/plugins/wpvivid-backuprestore/includes/new_backup/class-wpvivid-backup2.php(418): WPvivid_Backup_2->upload()
#2 /home/u296941949/domains/ms.wixcellent.com/public_html/wp-includes/class-wp-hook.php(324): WPvivid_Backup_2->backup_now_2()
#3 /home/u296941949/domains/ms.wixcellent.com/public_html/wp-includes/class-wp-hook.php(348): WP_Hook->apply_filters()
#4 /home/u296941949/domains/ms.wixcellent.com/public_html/wp-includes/plugin.php(517): WP_Hook->do_action()
#5 /home/u296941949/domains/ms.wixcellent.com/public_html/wp-admin/admin-ajax.php(192): do_action()
#6 {main}
  thrown in /home/u296941949/domains/ms.wixcellent.com/public_html/wp-content/plugins/wpvivid-backuprestore/includes/new_backup/class-wpvivid-backup2.php on line 590
[10-Jan-2025 04:29:08 UTC] PHP Fatal error:  Allowed memory size of 268435456 bytes exhausted (tried to allocate 151552 bytes) in /home/u296941949/domains/ms.wixcellent.com/public_html/wp-includes/class-wpdb.php on line 2316
[10-Jan-2025 04:31:41 UTC] PHP Warning:  Attempt to read property "title" on null in /home/u296941949/domains/ms.wixcellent.com/public_html/wp-includes/class-wp-customize-widgets.php on line 923
[10-Jan-2025 04:38:11 UTC] PHP Fatal error:  Allowed memory size of 268435456 bytes exhausted (tried to allocate 151552 bytes) in /home/u296941949/domains/ms.wixcellent.com/public_html/wp-includes/class-wpdb.php on line 2316
[13-Jan-2025 08:00:46 UTC] PHP Warning:  Undefined array key "editor_post_id" in /home/u296941949/domains/ms.wixcellent.com/public_html/wp-content/plugins/elementor-pro/modules/theme-builder/classes/conditions-manager.php on line 182
[13-Jan-2025 09:53:27 UTC] PHP Warning:  Attempt to read property "title" on null in /home/u296941949/domains/ms.wixcellent.com/public_html/wp-includes/class-wp-customize-widgets.php on line 923
[13-Jan-2025 17:59:30 UTC] PHP Warning:  Attempt to read property "title" on null in /home/u296941949/domains/ms.wixcellent.com/public_html/wp-includes/class-wp-customize-widgets.php on line 923
[13-Jan-2025 19:27:04 UTC] PHP Warning:  Attempt to read property "title" on null in /home/u296941949/domains/ms.wixcellent.com/public_html/wp-includes/class-wp-customize-widgets.php on line 923
[14-Jan-2025 08:53:31 UTC] PHP Warning:  Undefined array key "_event_online" in /home/u296941949/domains/ms.wixcellent.com/public_html/wp-content/plugins/wp-event-manager/admin/wp-event-manager-writepanels.php on line 1275
[14-Jan-2025 08:53:38 UTC] PHP Warning:  Undefined array key "_event_online" in /home/u296941949/domains/ms.wixcellent.com/public_html/wp-content/plugins/wp-event-manager/admin/wp-event-manager-writepanels.php on line 1275
[14-Jan-2025 08:59:11 UTC] PHP Warning:  Undefined array key "_event_online" in /home/u296941949/domains/ms.wixcellent.com/public_html/wp-content/plugins/wp-event-manager/admin/wp-event-manager-writepanels.php on line 1275
[14-Jan-2025 08:59:45 UTC] PHP Warning:  Undefined array key "_event_online" in /home/u296941949/domains/ms.wixcellent.com/public_html/wp-content/plugins/wp-event-manager/admin/wp-event-manager-writepanels.php on line 1275
[14-Jan-2025 09:02:28 UTC] PHP Warning:  Undefined array key "_event_online" in /home/u296941949/domains/ms.wixcellent.com/public_html/wp-content/plugins/wp-event-manager/admin/wp-event-manager-writepanels.php on line 1275
[14-Jan-2025 09:03:30 UTC] PHP Warning:  Undefined array key "_event_online" in /home/u296941949/domains/ms.wixcellent.com/public_html/wp-content/plugins/wp-event-manager/admin/wp-event-manager-writepanels.php on line 1275
[14-Jan-2025 09:04:22 UTC] PHP Warning:  Undefined array key "_event_online" in /home/u296941949/domains/ms.wixcellent.com/public_html/wp-content/plugins/wp-event-manager/admin/wp-event-manager-writepanels.php on line 1275
[14-Jan-2025 09:22:21 UTC] PHP Fatal error:  Allowed memory size of 268435456 bytes exhausted (tried to allocate 135168 bytes) in /home/u296941949/domains/ms.wixcellent.com/public_html/wp-includes/class-wpdb.php on line 2316
[14-Jan-2025 09:30:36 UTC] PHP Fatal error:  Allowed memory size of 268435456 bytes exhausted (tried to allocate 118784 bytes) in /home/u296941949/domains/ms.wixcellent.com/public_html/wp-includes/class-wpdb.php on line 2316
[14-Jan-2025 09:38:25 UTC] PHP Fatal error:  Allowed memory size of 268435456 bytes exhausted (tried to allocate 118784 bytes) in /home/u296941949/domains/ms.wixcellent.com/public_html/wp-includes/class-wpdb.php on line 2316
[14-Jan-2025 09:47:13 UTC] PHP Fatal error:  Allowed memory size of 268435456 bytes exhausted (tried to allocate 155648 bytes) in /home/u296941949/domains/ms.wixcellent.com/public_html/wp-includes/class-wpdb.php on line 2316
[14-Jan-2025 09:55:25 UTC] PHP Fatal error:  Allowed memory size of 268435456 bytes exhausted (tried to allocate 118784 bytes) in /home/u296941949/domains/ms.wixcellent.com/public_html/wp-includes/class-wpdb.php on line 2316
[14-Jan-2025 09:58:59 UTC] PHP Warning:  Undefined array key 0 in /home/u296941949/domains/ms.wixcellent.com/public_html/wp-content/plugins/wpvivid-backuprestore/includes/class-wpvivid.php on line 1122
[14-Jan-2025 10:00:38 UTC] PHP Fatal error:  Allowed memory size of 268435456 bytes exhausted (tried to allocate 131072 bytes) in /home/u296941949/domains/ms.wixcellent.com/public_html/wp-includes/class-wpdb.php on line 2316
[14-Jan-2025 10:09:52 UTC] PHP Fatal error:  Allowed memory size of 268435456 bytes exhausted (tried to allocate 159744 bytes) in /home/u296941949/domains/ms.wixcellent.com/public_html/wp-includes/class-wpdb.php on line 2316
[14-Jan-2025 10:17:08 UTC] PHP Fatal error:  Allowed memory size of 268435456 bytes exhausted (tried to allocate 159744 bytes) in /home/u296941949/domains/ms.wixcellent.com/public_html/wp-includes/class-wpdb.php on line 2316
[14-Jan-2025 10:26:19 UTC] PHP Fatal error:  Allowed memory size of 268435456 bytes exhausted (tried to allocate 159744 bytes) in /home/u296941949/domains/ms.wixcellent.com/public_html/wp-includes/class-wpdb.php on line 2316
[14-Jan-2025 10:31:35 UTC] PHP Fatal error:  Allowed memory size of 268435456 bytes exhausted (tried to allocate 159744 bytes) in /home/u296941949/domains/ms.wixcellent.com/public_html/wp-includes/class-wpdb.php on line 2316
[14-Jan-2025 12:04:04 UTC] PHP Warning:  Undefined array key "_event_online" in /home/u296941949/domains/ms.wixcellent.com/public_html/wp-content/plugins/wp-event-manager/admin/wp-event-manager-writepanels.php on line 1275
[14-Jan-2025 12:05:02 UTC] PHP Warning:  Undefined array key "_event_online" in /home/u296941949/domains/ms.wixcellent.com/public_html/wp-content/plugins/wp-event-manager/admin/wp-event-manager-writepanels.php on line 1275
[14-Jan-2025 12:06:58 UTC] PHP Warning:  Undefined array key "_event_online" in /home/u296941949/domains/ms.wixcellent.com/public_html/wp-content/plugins/wp-event-manager/admin/wp-event-manager-writepanels.php on line 1275
